<?xml version="1.0" encoding="UTF-8"?>
<!-- Generated by org.testng.reporters.JUnitReportReporter -->
<testsuite hostname="LAPTOP-7AIFL2R7" failures="0" tests="1" name="com.marquis.SanityScripts.marquisFinancierSanityScript" time="14.259" errors="0" timestamp="2023-02-08T11:31:17 IST" skipped="0">
  <testcase classname="com.marquis.SanityScripts.marquisFinancierSanityScript" name="mlWalletLoginScenario" time="14.259"/>
  <system-out/>
</testsuite> <!-- com.marquis.SanityScripts.marquisFinancierSanityScript -->
