<?xml version="1.0" encoding="UTF-8"?>
<!-- Generated by org.testng.reporters.JUnitReportReporter -->
<testsuite hostname="LAPTOP-7AIFL2R7" failures="0" tests="2" name="com.mlwallet.regression.MLWalletRegressionScripts" time="31.488" errors="0" timestamp="2023-02-08T14:52:09 IST" skipped="0">
  <testcase classname="com.mlwallet.regression.MLWalletRegressionScripts" name="mlWalletLoginScenario1" time="18.461"/>
  <system-out/>
  <testcase classname="com.mlwallet.regression.MLWalletRegressionScripts" name="mlWalletLoginScenario" time="13.027"/>
  <system-out/>
</testsuite> <!-- com.mlwallet.regression.MLWalletRegressionScripts -->
